<?xml version="1.0" encoding="UTF-8"?>
<!-- Generated by org.testng.reporters.JUnitXMLReporter -->
<testsuite ignored="0" hostname="Patels-MacBook-Pro.local" failures="0" tests="5" name="LoginTest" time="11.561" errors="0" timestamp="2021-10-03T15:42:17 CDT">
  <testcase classname="Guru99.TestCases.TC_LoginTestDDT_002" name="LoginDDT" time="1.177"/>
  <testcase classname="Guru99.TestCases.TC_LoginTestDDT_002" name="LoginDDT" time="1.4"/>
  <testcase classname="Guru99.TestCases.TC_LoginTestDDT_002" name="LoginDDT" time="1.115"/>
  <testcase classname="Guru99.TestCases.TC_LoginTestDDT_002" name="LoginDDT" time="0.996"/>
  <testcase classname="Guru99.TestCases.TC_LoginTestDDT_002" name="LoginDDT" time="1.354"/>
</testsuite> <!-- LoginTest -->
