<?xml version="1.0" encoding="UTF-8"?>
<testng-results ignored="0" total="1" passed="1" failed="0" skipped="0">
  <reporter-output>
  </reporter-output>
  <suite started-at="2021-10-04T09:14:53 CDT" name="Guru99WebApplicaton" finished-at="2021-10-04T09:15:04 CDT" duration-ms="10937">
    <groups>
    </groups>
    <test started-at="2021-10-04T09:14:53 CDT" name="LoginTest" finished-at="2021-10-04T09:15:04 CDT" duration-ms="10937">
      <class name="Guru99.TestCases.TC_AddNewCustomerTest_003">
        <test-method is-config="true" signature="setup(java.lang.String)[pri:0, instance:Guru99.TestCases.TC_AddNewCustomerTest_003@482bce4f]" started-at="2021-10-04T09:14:54 CDT" name="setup" finished-at="2021-10-04T09:14:57 CDT" duration-ms="3248" status="PASS">
          <params>
            <param index="0">
              <value>
                <![CDATA[chrome]]>
              </value>
            </param>
          </params>
          <reporter-output>
          </reporter-output>
        </test-method> <!-- setup -->
        <test-method signature="addNewCustomer()[pri:0, instance:Guru99.TestCases.TC_AddNewCustomerTest_003@482bce4f]" started-at="2021-10-04T09:14:57 CDT" name="addNewCustomer" finished-at="2021-10-04T09:15:04 CDT" duration-ms="7280" status="PASS">
          <reporter-output>
          </reporter-output>
        </test-method> <!-- addNewCustomer -->
        <test-method is-config="true" signature="teardown()[pri:0, instance:Guru99.TestCases.TC_AddNewCustomerTest_003@482bce4f]" started-at="2021-10-04T09:15:04 CDT" name="teardown" finished-at="2021-10-04T09:15:04 CDT" duration-ms="105" status="PASS">
          <reporter-output>
          </reporter-output>
        </test-method> <!-- teardown -->
      </class> <!-- Guru99.TestCases.TC_AddNewCustomerTest_003 -->
    </test> <!-- LoginTest -->
  </suite> <!-- Guru99WebApplicaton -->
</testng-results>
